<?xml version="1.0" encoding="UTF-8"?>
<!-- Generated by org.testng.reporters.JUnitReportReporter -->
<testsuite hostname="GACDTL08NS487G" name="tests.LoginTest" tests="2" failures="0" timestamp="29 Jun 2015 21:35:24 GMT" time="0.001" errors="0">
  <testcase name="testLogin" time="0.000" classname="tests.LoginTest"/>
  <testcase name="testRegister" time="0.001" classname="tests.LoginTest"/>
</testsuite>
